<?xml version="1.0" encoding="UTF-8"?>
<!-- Generated by org.testng.reporters.JUnitReportReporter -->
<testsuite skipped="0" hostname="DESKTOP-M8RIVEK" name="CollectionsFrameworkPractice.myGitBranch2" tests="1" failures="0" timestamp="10 Mar 2019 06:46:24 GMT" time="0.013" errors="0">
  <testcase name="f" time="0.013" classname="CollectionsFrameworkPractice.myGitBranch2"/>
</testsuite> <!-- CollectionsFrameworkPractice.myGitBranch2 -->
