<?xml version="1.0" encoding="UTF-8"?>
<!-- Generated by org.testng.reporters.JUnitReportReporter -->
<testsuite skipped="0" hostname="DESKTOP-M8RIVEK" name="main.LogInTest" tests="1" failures="0" timestamp="05 Mar 2019 16:52:11 GMT" time="21.492" errors="0">
  <testcase name="logInToPage" time="21.492" classname="main.LogInTest"/>
</testsuite> <!-- main.LogInTest -->
