<?xml version="1.0" encoding="UTF-8"?>
<!-- Generated by org.testng.reporters.JUnitReportReporter -->
<testsuite skipped="0" hostname="DESKTOP-M8RIVEK" name="CollectionsFrameworkPractice.myGitBranch" tests="1" failures="0" timestamp="05 Mar 2019 16:55:24 GMT" time="0.013" errors="0">
  <testcase name="f" time="0.013" classname="CollectionsFrameworkPractice.myGitBranch"/>
</testsuite> <!-- CollectionsFrameworkPractice.myGitBranch -->
